Training Started
Epoch: 1, Training Loss: 4.917754750117622, Validation Loss: 4.4517796516418455, Training Accuracy: 0.03394, Validation Accuracy: 0.06728571428571428, Top 5 Training Accuracy: 0.10576, Top 5 Validation Accuracy: 0.19028571428571428
Last Scheduler Learning Rate: [0.1]
Validation loss decreased (inf --> 4.451780).  Saving model ...
Epoch: 2, Training Loss: 4.270985412475703, Validation Loss: 3.9356975078582765, Training Accuracy: 0.09439, Validation Accuracy: 0.13742857142857143, Top 5 Training Accuracy: 0.24116, Top 5 Validation Accuracy: 0.32857142857142857
Last Scheduler Learning Rate: [0.1]
Validation loss decreased (4.451780 --> 3.935698).  Saving model ...
Epoch: 3, Training Loss: 3.8502891277108353, Validation Loss: 3.6114337747747247, Training Accuracy: 0.15415, Validation Accuracy: 0.19014285714285714, Top 5 Training Accuracy: 0.34225, Top 5 Validation Accuracy: 0.40314285714285714
Last Scheduler Learning Rate: [0.1]
Validation loss decreased (3.935698 --> 3.611434).  Saving model ...
Epoch: 4, Training Loss: 3.581997973229879, Validation Loss: 3.3378932345997203, Training Accuracy: 0.19778, Validation Accuracy: 0.24185714285714285, Top 5 Training Accuracy: 0.40654, Top 5 Validation Accuracy: 0.4627142857142857
Last Scheduler Learning Rate: [0.1]
Validation loss decreased (3.611434 --> 3.337893).  Saving model ...
Epoch: 5, Training Loss: 3.376669089812452, Validation Loss: 3.4780041564594617, Training Accuracy: 0.23521, Validation Accuracy: 0.23514285714285715, Top 5 Training Accuracy: 0.45456, Top 5 Validation Accuracy: 0.4417142857142857
Last Scheduler Learning Rate: [0.1]
EarlyStopping counter: 1 out of 10
Epoch: 6, Training Loss: 3.215852735292576, Validation Loss: 3.0723316712812943, Training Accuracy: 0.26469, Validation Accuracy: 0.2905714285714286, Top 5 Training Accuracy: 0.49271, Top 5 Validation Accuracy: 0.5274285714285715
Last Scheduler Learning Rate: [0.1]
Validation loss decreased (3.337893 --> 3.072332).  Saving model ...
Epoch: 7, Training Loss: 3.095488569010859, Validation Loss: 2.954886904629794, Training Accuracy: 0.28779, Validation Accuracy: 0.30985714285714283, Top 5 Training Accuracy: 0.51851, Top 5 Validation Accuracy: 0.5504285714285714
Last Scheduler Learning Rate: [0.1]
Validation loss decreased (3.072332 --> 2.954887).  Saving model ...
Epoch: 8, Training Loss: 2.9950880531764703, Validation Loss: 2.8251491936770354, Training Accuracy: 0.30423, Validation Accuracy: 0.33314285714285713, Top 5 Training Accuracy: 0.54039, Top 5 Validation Accuracy: 0.5767142857142857
Last Scheduler Learning Rate: [0.1]
Validation loss decreased (2.954887 --> 2.825149).  Saving model ...
Epoch: 9, Training Loss: 2.906555019376223, Validation Loss: 2.7517079743472013, Training Accuracy: 0.32183, Validation Accuracy: 0.34714285714285714, Top 5 Training Accuracy: 0.55908, Top 5 Validation Accuracy: 0.5874285714285714
Last Scheduler Learning Rate: [0.1]
Validation loss decreased (2.825149 --> 2.751708).  Saving model ...
Epoch: 10, Training Loss: 2.8306810425980315, Validation Loss: 2.631877313960682, Training Accuracy: 0.3369, Validation Accuracy: 0.37442857142857144, Top 5 Training Accuracy: 0.57451, Top 5 Validation Accuracy: 0.6144285714285714
Last Scheduler Learning Rate: [0.1]
Validation loss decreased (2.751708 --> 2.631877).  Saving model ...
Epoch: 11, Training Loss: 2.769145340260947, Validation Loss: 2.7957148898731576, Training Accuracy: 0.34821, Validation Accuracy: 0.3437142857142857, Top 5 Training Accuracy: 0.5897, Top 5 Validation Accuracy: 0.5815714285714285
Last Scheduler Learning Rate: [0.1]
EarlyStopping counter: 1 out of 10
Epoch: 12, Training Loss: 2.7210437803317213, Validation Loss: 2.6247689810666173, Training Accuracy: 0.35785, Validation Accuracy: 0.38342857142857145, Top 5 Training Accuracy: 0.59935, Top 5 Validation Accuracy: 0.6137142857142858
Last Scheduler Learning Rate: [0.1]
Validation loss decreased (2.631877 --> 2.624769).  Saving model ...
Epoch: 13, Training Loss: 2.676560187888572, Validation Loss: 2.5688081004402856, Training Accuracy: 0.3657, Validation Accuracy: 0.388, Top 5 Training Accuracy: 0.60659, Top 5 Validation Accuracy: 0.6301428571428571
Last Scheduler Learning Rate: [0.1]
Validation loss decreased (2.624769 --> 2.568808).  Saving model ...
Epoch: 14, Training Loss: 2.628046351320603, Validation Loss: 2.6855869553305887, Training Accuracy: 0.37683, Validation Accuracy: 0.37514285714285717, Top 5 Training Accuracy: 0.61868, Top 5 Validation Accuracy: 0.6102857142857143
Last Scheduler Learning Rate: [0.1]
EarlyStopping counter: 1 out of 10
Epoch: 15, Training Loss: 2.5916346855785535, Validation Loss: 2.559532742066817, Training Accuracy: 0.38275, Validation Accuracy: 0.39371428571428574, Top 5 Training Accuracy: 0.6246, Top 5 Validation Accuracy: 0.6292857142857143
Last Scheduler Learning Rate: [0.1]
Validation loss decreased (2.568808 --> 2.559533).  Saving model ...
Epoch: 16, Training Loss: 2.5567195695989273, Validation Loss: 2.5207553820176556, Training Accuracy: 0.39047, Validation Accuracy: 0.3954285714285714, Top 5 Training Accuracy: 0.63291, Top 5 Validation Accuracy: 0.6388571428571429
Last Scheduler Learning Rate: [0.1]
Validation loss decreased (2.559533 --> 2.520755).  Saving model ...
Epoch: 17, Training Loss: 2.5303953703102247, Validation Loss: 2.806817241148515, Training Accuracy: 0.39438, Validation Accuracy: 0.3525714285714286, Top 5 Training Accuracy: 0.63645, Top 5 Validation Accuracy: 0.5917142857142857
Last Scheduler Learning Rate: [0.1]
EarlyStopping counter: 1 out of 10
Epoch: 18, Training Loss: 2.5009243755084474, Validation Loss: 2.429549451307817, Training Accuracy: 0.40138, Validation Accuracy: 0.4195714285714286, Top 5 Training Accuracy: 0.64364, Top 5 Validation Accuracy: 0.6545714285714286
Last Scheduler Learning Rate: [0.1]
Validation loss decreased (2.520755 --> 2.429549).  Saving model ...
Epoch: 19, Training Loss: 2.479062295935648, Validation Loss: 2.591519394787875, Training Accuracy: 0.40549, Validation Accuracy: 0.38485714285714284, Top 5 Training Accuracy: 0.64533, Top 5 Validation Accuracy: 0.6214285714285714
Last Scheduler Learning Rate: [0.1]
EarlyStopping counter: 1 out of 10
Epoch: 20, Training Loss: 2.4519878064884857, Validation Loss: 2.3862026301297274, Training Accuracy: 0.40989, Validation Accuracy: 0.4215714285714286, Top 5 Training Accuracy: 0.65222, Top 5 Validation Accuracy: 0.6678571428571428
Last Scheduler Learning Rate: [0.1]
Validation loss decreased (2.429549 --> 2.386203).  Saving model ...
Epoch: 21, Training Loss: 2.4315694033947137, Validation Loss: 2.461939655650746, Training Accuracy: 0.41253, Validation Accuracy: 0.41914285714285715, Top 5 Training Accuracy: 0.65739, Top 5 Validation Accuracy: 0.6495714285714286
Last Scheduler Learning Rate: [0.1]
EarlyStopping counter: 1 out of 10
Epoch: 22, Training Loss: 2.4087360402202362, Validation Loss: 2.520625270496715, Training Accuracy: 0.41998, Validation Accuracy: 0.40314285714285714, Top 5 Training Accuracy: 0.65975, Top 5 Validation Accuracy: 0.6384285714285715
Last Scheduler Learning Rate: [0.1]
EarlyStopping counter: 2 out of 10
Epoch: 23, Training Loss: 2.391760378085134, Validation Loss: 2.430219955877824, Training Accuracy: 0.42433, Validation Accuracy: 0.4137142857142857, Top 5 Training Accuracy: 0.6654, Top 5 Validation Accuracy: 0.6572857142857143
Last Scheduler Learning Rate: [0.1]
EarlyStopping counter: 3 out of 10
Epoch: 24, Training Loss: 2.372736923682415, Validation Loss: 2.3666126511313696, Training Accuracy: 0.42723, Validation Accuracy: 0.43357142857142855, Top 5 Training Accuracy: 0.66852, Top 5 Validation Accuracy: 0.6712857142857143
Last Scheduler Learning Rate: [0.1]
Validation loss decreased (2.386203 --> 2.366613).  Saving model ...
Epoch: 25, Training Loss: 2.360587747048234, Validation Loss: 2.5536272569136185, Training Accuracy: 0.42782, Validation Accuracy: 0.3964285714285714, Top 5 Training Accuracy: 0.66991, Top 5 Validation Accuracy: 0.6388571428571429
Last Scheduler Learning Rate: [0.1]
EarlyStopping counter: 1 out of 10
Epoch: 26, Training Loss: 2.34121328058755, Validation Loss: 2.3741635886105623, Training Accuracy: 0.43402, Validation Accuracy: 0.43057142857142855, Top 5 Training Accuracy: 0.67317, Top 5 Validation Accuracy: 0.6712857142857143
Last Scheduler Learning Rate: [0.1]
EarlyStopping counter: 2 out of 10
Epoch: 27, Training Loss: 2.3317317427576656, Validation Loss: 2.439331388473511, Training Accuracy: 0.43537, Validation Accuracy: 0.4164285714285714, Top 5 Training Accuracy: 0.67637, Top 5 Validation Accuracy: 0.6607142857142857
Last Scheduler Learning Rate: [0.1]
EarlyStopping counter: 3 out of 10
Epoch: 28, Training Loss: 2.318558817324431, Validation Loss: 2.4036814472892067, Training Accuracy: 0.43769, Validation Accuracy: 0.4317142857142857, Top 5 Training Accuracy: 0.67846, Top 5 Validation Accuracy: 0.6675714285714286
Last Scheduler Learning Rate: [0.010000000000000002]
EarlyStopping counter: 4 out of 10
Epoch: 29, Training Loss: 2.002636814666221, Validation Loss: 1.898587749221108, Training Accuracy: 0.50493, Validation Accuracy: 0.5315714285714286, Top 5 Training Accuracy: 0.73564, Top 5 Validation Accuracy: 0.7512857142857143
Last Scheduler Learning Rate: [0.010000000000000002]
Validation loss decreased (2.366613 --> 1.898588).  Saving model ...
Epoch: 30, Training Loss: 1.8994348581184817, Validation Loss: 1.8689551830291748, Training Accuracy: 0.52782, Validation Accuracy: 0.5374285714285715, Top 5 Training Accuracy: 0.75394, Top 5 Validation Accuracy: 0.7585714285714286
Last Scheduler Learning Rate: [0.010000000000000002]
Validation loss decreased (1.898588 --> 1.868955).  Saving model ...
Epoch: 31, Training Loss: 1.8563647311361855, Validation Loss: 1.8536462610418147, Training Accuracy: 0.53714, Validation Accuracy: 0.5444285714285715, Top 5 Training Accuracy: 0.76117, Top 5 Validation Accuracy: 0.7558571428571429
Last Scheduler Learning Rate: [0.010000000000000002]
Validation loss decreased (1.868955 --> 1.853646).  Saving model ...
Epoch: 32, Training Loss: 1.8225442398234706, Validation Loss: 1.8271445967934348, Training Accuracy: 0.54421, Validation Accuracy: 0.5511428571428572, Top 5 Training Accuracy: 0.76594, Top 5 Validation Accuracy: 0.763
Last Scheduler Learning Rate: [0.010000000000000002]
Validation loss decreased (1.853646 --> 1.827145).  Saving model ...
Epoch: 33, Training Loss: 1.8014877290676927, Validation Loss: 1.8230817231264982, Training Accuracy: 0.54794, Validation Accuracy: 0.5481428571428572, Top 5 Training Accuracy: 0.77135, Top 5 Validation Accuracy: 0.7622857142857142
Last Scheduler Learning Rate: [0.010000000000000002]
Validation loss decreased (1.827145 --> 1.823082).  Saving model ...
Epoch: 34, Training Loss: 1.7737431856982238, Validation Loss: 1.8122895695946433, Training Accuracy: 0.5536, Validation Accuracy: 0.5547142857142857, Top 5 Training Accuracy: 0.77604, Top 5 Validation Accuracy: 0.7658571428571429
Last Scheduler Learning Rate: [0.010000000000000002]
Validation loss decreased (1.823082 --> 1.812290).  Saving model ...
Epoch: 35, Training Loss: 1.7611398233477111, Validation Loss: 1.8079330726103349, Training Accuracy: 0.55654, Validation Accuracy: 0.5504285714285714, Top 5 Training Accuracy: 0.77887, Top 5 Validation Accuracy: 0.7682857142857142
Last Scheduler Learning Rate: [0.010000000000000002]
Validation loss decreased (1.812290 --> 1.807933).  Saving model ...
Epoch: 36, Training Loss: 1.7431405470194414, Validation Loss: 1.8067233128981157, Training Accuracy: 0.56075, Validation Accuracy: 0.5548571428571428, Top 5 Training Accuracy: 0.78192, Top 5 Validation Accuracy: 0.7677142857142857
Last Scheduler Learning Rate: [0.010000000000000002]
Validation loss decreased (1.807933 --> 1.806723).  Saving model ...
Epoch: 37, Training Loss: 1.7329299134366654, Validation Loss: 1.790678613836115, Training Accuracy: 0.56124, Validation Accuracy: 0.5602857142857143, Top 5 Training Accuracy: 0.78339, Top 5 Validation Accuracy: 0.7698571428571429
Last Scheduler Learning Rate: [0.010000000000000002]
Validation loss decreased (1.806723 --> 1.790679).  Saving model ...
Epoch: 38, Training Loss: 1.7137938588476547, Validation Loss: 1.8023667812347413, Training Accuracy: 0.56753, Validation Accuracy: 0.5564285714285714, Top 5 Training Accuracy: 0.78503, Top 5 Validation Accuracy: 0.7701428571428571
Last Scheduler Learning Rate: [0.010000000000000002]
EarlyStopping counter: 1 out of 10
Epoch: 39, Training Loss: 1.7050556104506374, Validation Loss: 1.7747140190818094, Training Accuracy: 0.56943, Validation Accuracy: 0.5602857142857143, Top 5 Training Accuracy: 0.78744, Top 5 Validation Accuracy: 0.7722857142857142
Last Scheduler Learning Rate: [0.010000000000000002]
Validation loss decreased (1.790679 --> 1.774714).  Saving model ...
Epoch: 40, Training Loss: 1.6884002379139367, Validation Loss: 1.7883638316934758, Training Accuracy: 0.57117, Validation Accuracy: 0.5575714285714286, Top 5 Training Accuracy: 0.79103, Top 5 Validation Accuracy: 0.7708571428571429
Last Scheduler Learning Rate: [0.010000000000000002]
EarlyStopping counter: 1 out of 10
Epoch: 41, Training Loss: 1.676484578253363, Validation Loss: 1.7893301465294578, Training Accuracy: 0.57444, Validation Accuracy: 0.5565714285714286, Top 5 Training Accuracy: 0.79284, Top 5 Validation Accuracy: 0.7741428571428571
Last Scheduler Learning Rate: [0.010000000000000002]
EarlyStopping counter: 2 out of 10
Epoch: 42, Training Loss: 1.6723984873203366, Validation Loss: 1.8060910311612215, Training Accuracy: 0.57455, Validation Accuracy: 0.5527142857142857, Top 5 Training Accuracy: 0.79492, Top 5 Validation Accuracy: 0.7685714285714286
Last Scheduler Learning Rate: [0.010000000000000002]
EarlyStopping counter: 3 out of 10
Epoch: 43, Training Loss: 1.6631481880727021, Validation Loss: 1.7942824797196821, Training Accuracy: 0.57576, Validation Accuracy: 0.5604285714285714, Top 5 Training Accuracy: 0.7958, Top 5 Validation Accuracy: 0.7778571428571428
Last Scheduler Learning Rate: [0.0010000000000000002]
EarlyStopping counter: 4 out of 10
Epoch: 44, Training Loss: 1.6014636733647807, Validation Loss: 1.7508573553778908, Training Accuracy: 0.59152, Validation Accuracy: 0.5664285714285714, Top 5 Training Accuracy: 0.80445, Top 5 Validation Accuracy: 0.7798571428571428
Last Scheduler Learning Rate: [0.0010000000000000002]
Validation loss decreased (1.774714 --> 1.750857).  Saving model ...
Epoch: 45, Training Loss: 1.5837151243558625, Validation Loss: 1.749348363009366, Training Accuracy: 0.59556, Validation Accuracy: 0.5682857142857143, Top 5 Training Accuracy: 0.80812, Top 5 Validation Accuracy: 0.7788571428571428
Last Scheduler Learning Rate: [0.0010000000000000002]
Validation loss decreased (1.750857 --> 1.749348).  Saving model ...
Epoch: 46, Training Loss: 1.574599073671014, Validation Loss: 1.74556923346086, Training Accuracy: 0.59616, Validation Accuracy: 0.5697142857142857, Top 5 Training Accuracy: 0.81054, Top 5 Validation Accuracy: 0.7784285714285715
Last Scheduler Learning Rate: [0.0010000000000000002]
Validation loss decreased (1.749348 --> 1.745569).  Saving model ...
Epoch: 47, Training Loss: 1.566913562357578, Validation Loss: 1.7486895756288008, Training Accuracy: 0.59928, Validation Accuracy: 0.5678571428571428, Top 5 Training Accuracy: 0.81089, Top 5 Validation Accuracy: 0.7795714285714286
Last Scheduler Learning Rate: [0.0010000000000000002]
EarlyStopping counter: 1 out of 10
Epoch: 48, Training Loss: 1.5630228452365418, Validation Loss: 1.7498171958056363, Training Accuracy: 0.60066, Validation Accuracy: 0.566, Top 5 Training Accuracy: 0.81012, Top 5 Validation Accuracy: 0.778
Last Scheduler Learning Rate: [0.0010000000000000002]
EarlyStopping counter: 2 out of 10
Epoch: 49, Training Loss: 1.5630795362660341, Validation Loss: 1.7444385160099376, Training Accuracy: 0.59895, Validation Accuracy: 0.5665714285714286, Top 5 Training Accuracy: 0.81223, Top 5 Validation Accuracy: 0.7787142857142857
Last Scheduler Learning Rate: [0.0010000000000000002]
Validation loss decreased (1.745569 --> 1.744439).  Saving model ...
Epoch: 50, Training Loss: 1.5525833228055168, Validation Loss: 1.744398697939786, Training Accuracy: 0.60189, Validation Accuracy: 0.5681428571428572, Top 5 Training Accuracy: 0.81412, Top 5 Validation Accuracy: 0.7782857142857142
Last Scheduler Learning Rate: [0.0010000000000000002]
Validation loss decreased (1.744439 --> 1.744399).  Saving model ...
Epoch: 51, Training Loss: 1.5554650544815356, Validation Loss: 1.7379061785611238, Training Accuracy: 0.6003, Validation Accuracy: 0.5674285714285714, Top 5 Training Accuracy: 0.8133, Top 5 Validation Accuracy: 0.7818571428571428
Last Scheduler Learning Rate: [0.0010000000000000002]
Validation loss decreased (1.744399 --> 1.737906).  Saving model ...
Epoch: 52, Training Loss: 1.5485994539907217, Validation Loss: 1.7422274524515324, Training Accuracy: 0.60275, Validation Accuracy: 0.569, Top 5 Training Accuracy: 0.81438, Top 5 Validation Accuracy: 0.7801428571428571
Last Scheduler Learning Rate: [0.0010000000000000002]
EarlyStopping counter: 1 out of 10
Epoch: 53, Training Loss: 1.5443465458157728, Validation Loss: 1.74112793749029, Training Accuracy: 0.60358, Validation Accuracy: 0.5677142857142857, Top 5 Training Accuracy: 0.81586, Top 5 Validation Accuracy: 0.7824285714285715
Last Scheduler Learning Rate: [0.0010000000000000002]
EarlyStopping counter: 2 out of 10
Epoch: 54, Training Loss: 1.544499631428048, Validation Loss: 1.741527958349748, Training Accuracy: 0.6022, Validation Accuracy: 0.5664285714285714, Top 5 Training Accuracy: 0.81549, Top 5 Validation Accuracy: 0.781
Last Scheduler Learning Rate: [0.0010000000000000002]
EarlyStopping counter: 3 out of 10
Epoch: 55, Training Loss: 1.5379904580238226, Validation Loss: 1.738467970761386, Training Accuracy: 0.60458, Validation Accuracy: 0.5682857142857143, Top 5 Training Accuracy: 0.81673, Top 5 Validation Accuracy: 0.7808571428571428
Last Scheduler Learning Rate: [0.00010000000000000003]
EarlyStopping counter: 4 out of 10
Epoch: 56, Training Loss: 1.532641207927938, Validation Loss: 1.7379614483226429, Training Accuracy: 0.60754, Validation Accuracy: 0.5712857142857143, Top 5 Training Accuracy: 0.81647, Top 5 Validation Accuracy: 0.7812857142857143
Last Scheduler Learning Rate: [0.00010000000000000003]
EarlyStopping counter: 5 out of 10
Epoch: 57, Training Loss: 1.5326648220381773, Validation Loss: 1.7388268969275735, Training Accuracy: 0.6052, Validation Accuracy: 0.5701428571428572, Top 5 Training Accuracy: 0.81574, Top 5 Validation Accuracy: 0.782
Last Scheduler Learning Rate: [0.00010000000000000003]
EarlyStopping counter: 6 out of 10
Epoch: 58, Training Loss: 1.531592542862953, Validation Loss: 1.7410039619965987, Training Accuracy: 0.60637, Validation Accuracy: 0.5677142857142857, Top 5 Training Accuracy: 0.81584, Top 5 Validation Accuracy: 0.781
Last Scheduler Learning Rate: [0.00010000000000000003]
EarlyStopping counter: 7 out of 10
Epoch: 59, Training Loss: 1.5364803109327545, Validation Loss: 1.735130583156239, Training Accuracy: 0.60567, Validation Accuracy: 0.571, Top 5 Training Accuracy: 0.81619, Top 5 Validation Accuracy: 0.7805714285714286
Last Scheduler Learning Rate: [0.00010000000000000003]
Validation loss decreased (1.737906 --> 1.735131).  Saving model ...
Epoch: 60, Training Loss: 1.5370044039033564, Validation Loss: 1.7358405351638795, Training Accuracy: 0.60388, Validation Accuracy: 0.5705714285714286, Top 5 Training Accuracy: 0.81657, Top 5 Validation Accuracy: 0.781
Last Scheduler Learning Rate: [0.00010000000000000003]
EarlyStopping counter: 1 out of 10
Epoch: 61, Training Loss: 1.5316999719270965, Validation Loss: 1.7410178162834862, Training Accuracy: 0.60559, Validation Accuracy: 0.5688571428571428, Top 5 Training Accuracy: 0.81837, Top 5 Validation Accuracy: 0.7817142857142857
Last Scheduler Learning Rate: [0.00010000000000000003]
EarlyStopping counter: 2 out of 10
Epoch: 62, Training Loss: 1.5301678807229337, Validation Loss: 1.7402418396689676, Training Accuracy: 0.6072, Validation Accuracy: 0.5685714285714286, Top 5 Training Accuracy: 0.81754, Top 5 Validation Accuracy: 0.7808571428571428
Last Scheduler Learning Rate: [0.00010000000000000003]
EarlyStopping counter: 3 out of 10
Epoch: 63, Training Loss: 1.525816357349191, Validation Loss: 1.7351280862634832, Training Accuracy: 0.60733, Validation Accuracy: 0.5701428571428572, Top 5 Training Accuracy: 0.81817, Top 5 Validation Accuracy: 0.7812857142857143
Last Scheduler Learning Rate: [1.0000000000000004e-05]
Validation loss decreased (1.735131 --> 1.735128).  Saving model ...
Epoch: 64, Training Loss: 1.5333616578060647, Validation Loss: 1.738055292042819, Training Accuracy: 0.60637, Validation Accuracy: 0.5685714285714286, Top 5 Training Accuracy: 0.81566, Top 5 Validation Accuracy: 0.7805714285714286
Last Scheduler Learning Rate: [1.0000000000000004e-05]
EarlyStopping counter: 1 out of 10
Epoch: 65, Training Loss: 1.5286572211233855, Validation Loss: 1.7369545177979904, Training Accuracy: 0.60826, Validation Accuracy: 0.5694285714285714, Top 5 Training Accuracy: 0.81734, Top 5 Validation Accuracy: 0.7821428571428571
Last Scheduler Learning Rate: [1.0000000000000004e-05]
EarlyStopping counter: 2 out of 10
Epoch: 66, Training Loss: 1.5347656757020585, Validation Loss: 1.7394496961073442, Training Accuracy: 0.60605, Validation Accuracy: 0.5697142857142857, Top 5 Training Accuracy: 0.81601, Top 5 Validation Accuracy: 0.7804285714285715
Last Scheduler Learning Rate: [1.0000000000000004e-05]
EarlyStopping counter: 3 out of 10
Epoch: 67, Training Loss: 1.531206612696733, Validation Loss: 1.737776279449463, Training Accuracy: 0.60679, Validation Accuracy: 0.5688571428571428, Top 5 Training Accuracy: 0.81628, Top 5 Validation Accuracy: 0.7802857142857142
Last Scheduler Learning Rate: [1.0000000000000004e-06]
EarlyStopping counter: 4 out of 10
Epoch: 68, Training Loss: 1.5271777153929786, Validation Loss: 1.7404220646077937, Training Accuracy: 0.60855, Validation Accuracy: 0.5685714285714286, Top 5 Training Accuracy: 0.81775, Top 5 Validation Accuracy: 0.7795714285714286
Last Scheduler Learning Rate: [1.0000000000000004e-06]
EarlyStopping counter: 5 out of 10
Epoch: 69, Training Loss: 1.5294366547518679, Validation Loss: 1.7393646652048285, Training Accuracy: 0.60845, Validation Accuracy: 0.5711428571428572, Top 5 Training Accuracy: 0.81663, Top 5 Validation Accuracy: 0.7804285714285715
Last Scheduler Learning Rate: [1.0000000000000004e-06]
EarlyStopping counter: 6 out of 10
Epoch: 70, Training Loss: 1.5316827507580029, Validation Loss: 1.7369708039543845, Training Accuracy: 0.60555, Validation Accuracy: 0.5702857142857143, Top 5 Training Accuracy: 0.8169, Top 5 Validation Accuracy: 0.7808571428571428
Last Scheduler Learning Rate: [1.0000000000000004e-06]
EarlyStopping counter: 7 out of 10
Epoch: 71, Training Loss: 1.5359618198841125, Validation Loss: 1.7413743842731824, Training Accuracy: 0.60598, Validation Accuracy: 0.5691428571428572, Top 5 Training Accuracy: 0.81539, Top 5 Validation Accuracy: 0.7798571428571428
Last Scheduler Learning Rate: [1.0000000000000005e-07]
EarlyStopping counter: 8 out of 10
Epoch: 72, Training Loss: 1.5321944276695056, Validation Loss: 1.736651104146784, Training Accuracy: 0.60801, Validation Accuracy: 0.5705714285714286, Top 5 Training Accuracy: 0.81646, Top 5 Validation Accuracy: 0.7801428571428571
Last Scheduler Learning Rate: [1.0000000000000005e-07]
EarlyStopping counter: 9 out of 10
Epoch: 73, Training Loss: 1.5359860611388751, Validation Loss: 1.7404418316754429, Training Accuracy: 0.60378, Validation Accuracy: 0.57, Top 5 Training Accuracy: 0.81561, Top 5 Validation Accuracy: 0.7804285714285715
Last Scheduler Learning Rate: [1.0000000000000005e-07]
EarlyStopping counter: 10 out of 10
Early Stopping at Epoch: 73
Test Loss: 1.6523582537968953, Test Accuracy: 0.6016666666666667, Test Accuracy Top 5: 0.8006666666666666
